<?xml version="1.0" encoding="UTF-8"?>
<!-- Generated by org.testng.reporters.JUnitReportReporter -->
<testsuite hostname="SHI58495EU1943E" name="services.groupkt.countryAPIInitializaton" tests="1" failures="0" timestamp="12 Jul 2018 11:05:58 GMT" time="1.775" errors="0">
  <testcase name="setup" time="1.775" classname="services.groupkt.countryAPIInitializaton"/>
</testsuite> <!-- services.groupkt.countryAPIInitializaton -->
