<?xml version="1.0" encoding="UTF-8"?>
<!-- Generated by org.testng.reporters.JUnitReportReporter -->
<testsuite hostname="SHI58495EU1943E" name="getRequestValidationTest.ValidateDECountryResponse" tests="1" failures="0" timestamp="19 Jul 2018 10:55:52 GMT" time="2.005" errors="0">
  <testcase name="getCallDECheck" time="2.005" classname="getRequestValidationTest.ValidateDECountryResponse"/>
</testsuite> <!-- getRequestValidationTest.ValidateDECountryResponse -->
