<?xml version="1.0" encoding="UTF-8"?>
<!-- Generated by org.testng.reporters.JUnitReportReporter -->
<testsuite hostname="SHI58495EU1943E" name="getRequestValidationTest.ValidateGetCountryInfo" tests="3" failures="0" timestamp="19 Jul 2018 11:09:23 GMT" time="4.119" errors="0">
  <testcase name="testResponseBodyMatchDE" time="2.291" classname="getRequestValidationTest.ValidateGetCountryInfo"/>
  <testcase name="testResponseBodyMatchGB" time="0.922" classname="getRequestValidationTest.ValidateGetCountryInfo"/>
  <testcase name="testResponseBodyMatchUSA" time="0.906" classname="getRequestValidationTest.ValidateGetCountryInfo"/>
</testsuite> <!-- getRequestValidationTest.ValidateGetCountryInfo -->
