<?xml version="1.0" encoding="UTF-8"?>
<!-- Generated by org.testng.reporters.JUnitReportReporter -->
<testsuite hostname="SHI58495EU1943E" name="getRequest.GetEachCountry" tests="1" failures="0" timestamp="13 Jul 2018 07:58:28 GMT" time="2.576" errors="0">
  <testcase name="getCallUSCheck" time="2.576" classname="getRequest.GetEachCountry"/>
</testsuite> <!-- getRequest.GetEachCountry -->
