<?xml version="1.0" encoding="UTF-8"?>
<!-- Generated by org.testng.reporters.JUnitReportReporter -->
<testsuite hostname="SHI58495EU1943E" name="getRequestValidationTest.ValidateGBCountryResponse" tests="1" failures="0" timestamp="19 Jul 2018 10:55:52 GMT" time="1.443" errors="0">
  <testcase name="getCallGBCheck" time="1.443" classname="getRequestValidationTest.ValidateGBCountryResponse"/>
</testsuite> <!-- getRequestValidationTest.ValidateGBCountryResponse -->
