<?xml version="1.0" encoding="UTF-8"?>
<!-- Generated by org.testng.reporters.JUnitReportReporter -->
<testsuite hostname="SHI58495EU1943E" name="getRequest.GetCountryInfo" tests="4" failures="0" timestamp="12 Jul 2018 07:00:24 GMT" time="0.896" errors="0">
  <testcase name="testResponseBodyMatchDE" time="0.699" classname="getRequest.GetCountryInfo"/>
  <testcase name="testResponseBodyMatchGB" time="0.117" classname="getRequest.GetCountryInfo"/>
  <testcase name="testResponseBodyMatchUSA" time="0.076" classname="getRequest.GetCountryInfo"/>
  <testcase name="testResponseCode" time="0.004" classname="getRequest.GetCountryInfo"/>
</testsuite> <!-- getRequest.GetCountryInfo -->
