<?xml version="1.0" encoding="UTF-8"?>
<!-- Generated by org.testng.reporters.JUnitReportReporter -->
<testsuite hostname="Hemant-PC" name="getRequestValidationTest.ValidateGetCountryInfo" tests="3" failures="0" timestamp="6 Aug 2018 14:23:34 GMT" time="3.693" errors="0">
  <testcase name="testResponseBodyMatchGB" time="1.229" classname="getRequestValidationTest.ValidateGetCountryInfo"/>
  <testcase name="testResponseBodyMatchUSA" time="1.327" classname="getRequestValidationTest.ValidateGetCountryInfo"/>
  <testcase name="testResponseBodyMatchDE" time="1.137" classname="getRequestValidationTest.ValidateGetCountryInfo"/>
</testsuite> <!-- getRequestValidationTest.ValidateGetCountryInfo -->
