<?xml version="1.0" encoding="UTF-8"?>
<!-- Generated by org.testng.reporters.JUnitReportReporter -->
<testsuite hostname="Hemant-PC" name="getRequestValidationTest.ValidateGBCountryResponse" tests="1" failures="0" timestamp="6 Aug 2018 14:23:34 GMT" time="3.732" errors="0">
  <testcase name="getCallGBCheck" time="3.732" classname="getRequestValidationTest.ValidateGBCountryResponse"/>
</testsuite> <!-- getRequestValidationTest.ValidateGBCountryResponse -->
