<?xml version="1.0" encoding="UTF-8"?>
<!-- Generated by org.testng.reporters.JUnitReportReporter -->
<testsuite hostname="Hemant-PC" name="getRequestValidationTest.ValidateUSCountryResponse" tests="1" failures="0" timestamp="6 Aug 2018 14:23:34 GMT" time="2.199" errors="0">
  <testcase name="getCallDECheck" time="2.199" classname="getRequestValidationTest.ValidateUSCountryResponse"/>
</testsuite> <!-- getRequestValidationTest.ValidateUSCountryResponse -->
