<?xml version="1.0" encoding="UTF-8"?>
<!-- Generated by org.testng.reporters.JUnitReportReporter -->
<testsuite hostname="Hemant-PC" name="getRequestValidationTest.ValidateDECountryResponse" tests="1" failures="0" timestamp="6 Aug 2018 14:23:34 GMT" time="7.013" errors="0">
  <testcase name="getCallDECheck" time="7.013" classname="getRequestValidationTest.ValidateDECountryResponse"/>
</testsuite> <!-- getRequestValidationTest.ValidateDECountryResponse -->
